# JRE version: OpenJDK Runtime Environment (7.0_65-b32) (build 1.7.0_65-b32)
# Java VM: OpenJDK 64-Bit Server VM (24.65-b04 mixed mode linux-amd64 compressed oops)
Heap
 PSYoungGen      total 148480K, used 135612K [0x00000000f5500000, 0x00000000ffd80000, 0x0000000100000000)
  eden space 124416K, 95% used [0x00000000f5500000,0x00000000fc881760,0x00000000fce80000)
  from space 24064K, 72% used [0x00000000fce80000,0x00000000fdf6db40,0x00000000fe600000)
  to   space 23552K, 0% used [0x00000000fe680000,0x00000000fe680000,0x00000000ffd80000)
 ParOldGen       total 105472K, used 73986K [0x00000000e0000000, 0x00000000e6700000, 0x00000000f5500000)
  object space 105472K, 70% used [0x00000000e0000000,0x00000000e4840ad0,0x00000000e6700000)
 PSPermGen       total 125440K, used 96919K [0x00000000d0000000, 0x00000000d7a80000, 0x00000000e0000000)
  object space 125440K, 77% used [0x00000000d0000000,0x00000000d5ea5fe0,0x00000000d7a80000)
GC Heap History (10 events):
Event: 4279.356 GC heap before
{Heap before GC invocations=78 (full 3):
 PSYoungGen      total 147456K, used 144126K [0x00000000f5500000, 0x0000000100000000, 0x0000000100000000)
  eden space 121856K, 100% used [0x00000000f5500000,0x00000000fcc00000,0x00000000fcc00000)
  from space 25600K, 86% used [0x00000000fe700000,0x00000000ffcbfa98,0x0000000100000000)
  to   space 26624K, 0% used [0x00000000fcc00000,0x00000000fcc00000,0x00000000fe600000)
 ParOldGen       total 105472K, used 67022K [0x00000000e0000000, 0x00000000e6700000, 0x00000000f5500000)
  object space 105472K, 63% used [0x00000000e0000000,0x00000000e41738b8,0x00000000e6700000)
 PSPermGen       total 125440K, used 95066K [0x00000000d0000000, 0x00000000d7a80000, 0x00000000e0000000)
  object space 125440K, 75% used [0x00000000d0000000,0x00000000d5cd6ac8,0x00000000d7a80000)
Event: 4279.372 GC heap after
Heap after GC invocations=78 (full 3):
 PSYoungGen      total 148480K, used 16698K [0x00000000f5500000, 0x00000000fff00000, 0x0000000100000000)
  eden space 121856K, 0% used [0x00000000f5500000,0x00000000f5500000,0x00000000fcc00000)
  from space 26624K, 62% used [0x00000000fcc00000,0x00000000fdc4e980,0x00000000fe600000)
  to   space 25600K, 0% used [0x00000000fe600000,0x00000000fe600000,0x00000000fff00000)
 ParOldGen       total 105472K, used 72887K [0x00000000e0000000, 0x00000000e6700000, 0x00000000f5500000)
  object space 105472K, 69% used [0x00000000e0000000,0x00000000e472dff0,0x00000000e6700000)
 PSPermGen       total 125440K, used 95066K [0x00000000d0000000, 0x00000000d7a80000, 0x00000000e0000000)
  object space 125440K, 75% used [0x00000000d0000000,0x00000000d5cd6ac8,0x00000000d7a80000)
}
Event: 4395.858 GC heap before
{Heap before GC invocations=79 (full 3):
 PSYoungGen      total 148480K, used 138554K [0x00000000f5500000, 0x00000000fff00000, 0x0000000100000000)
  eden space 121856K, 100% used [0x00000000f5500000,0x00000000fcc00000,0x00000000fcc00000)
  from space 26624K, 62% used [0x00000000fcc00000,0x00000000fdc4e980,0x00000000fe600000)
  to   space 25600K, 0% used [0x00000000fe600000,0x00000000fe600000,0x00000000fff00000)
 ParOldGen       total 105472K, used 72887K [0x00000000e0000000, 0x00000000e6700000, 0x00000000f5500000)
  object space 105472K, 69% used [0x00000000e0000000,0x00000000e472dff0,0x00000000e6700000)
 PSPermGen       total 125440K, used 95218K [0x00000000d0000000, 0x00000000d7a80000, 0x00000000e0000000)
  object space 125440K, 75% used [0x00000000d0000000,0x00000000d5cfc800,0x00000000d7a80000)
Event: 4395.869 GC heap after
Heap after GC invocations=79 (full 3):
 PSYoungGen      total 147456K, used 16788K [0x00000000f5500000, 0x00000000ffe00000, 0x0000000100000000)
  eden space 122880K, 0% used [0x00000000f5500000,0x00000000f5500000,0x00000000fcd00000)
  from space 24576K, 68% used [0x00000000fe600000,0x00000000ff665160,0x00000000ffe00000)
  to   space 25088K, 0% used [0x00000000fcd00000,0x00000000fcd00000,0x00000000fe580000)
 ParOldGen       total 105472K, used 73188K [0x00000000e0000000, 0x00000000e6700000, 0x00000000f5500000)
  object space 105472K, 69% used [0x00000000e0000000,0x00000000e47793e0,0x00000000e6700000)
 PSPermGen       total 125440K, used 95218K [0x00000000d0000000, 0x00000000d7a80000, 0x00000000e0000000)
  object space 125440K, 75% used [0x00000000d0000000,0x00000000d5cfc800,0x00000000d7a80000)
}
Event: 4747.183 GC heap before
{Heap before GC invocations=80 (full 3):
 PSYoungGen      total 147456K, used 139668K [0x00000000f5500000, 0x00000000ffe00000, 0x0000000100000000)
  eden space 122880K, 100% used [0x00000000f5500000,0x00000000fcd00000,0x00000000fcd00000)
  from space 24576K, 68% used [0x00000000fe600000,0x00000000ff665160,0x00000000ffe00000)
  to   space 25088K, 0% used [0x00000000fcd00000,0x00000000fcd00000,0x00000000fe580000)
 ParOldGen       total 105472K, used 73188K [0x00000000e0000000, 0x00000000e6700000, 0x00000000f5500000)
  object space 105472K, 69% used [0x00000000e0000000,0x00000000e47793e0,0x00000000e6700000)
 PSPermGen       total 125440K, used 96278K [0x00000000d0000000, 0x00000000d7a80000, 0x00000000e0000000)
  object space 125440K, 76% used [0x00000000d0000000,0x00000000d5e059e0,0x00000000d7a80000)
Event: 4747.193 GC heap after
Heap after GC invocations=80 (full 3):
 PSYoungGen      total 147968K, used 16989K [0x00000000f5500000, 0x00000000ffe00000, 0x0000000100000000)
  eden space 122880K, 0% used [0x00000000f5500000,0x00000000f5500000,0x00000000fcd00000)
  from space 25088K, 67% used [0x00000000fcd00000,0x00000000fdd97708,0x00000000fe580000)
  to   space 24064K, 0% used [0x00000000fe680000,0x00000000fe680000,0x00000000ffe00000)
 ParOldGen       total 105472K, used 73605K [0x00000000e0000000, 0x00000000e6700000, 0x00000000f5500000)
  object space 105472K, 69% used [0x00000000e0000000,0x00000000e47e16a0,0x00000000e6700000)
 PSPermGen       total 125440K, used 96278K [0x00000000d0000000, 0x00000000d7a80000, 0x00000000e0000000)
  object space 125440K, 76% used [0x00000000d0000000,0x00000000d5e059e0,0x00000000d7a80000)
}
Event: 4987.787 GC heap before
{Heap before GC invocations=81 (full 3):
 PSYoungGen      total 147968K, used 139869K [0x00000000f5500000, 0x00000000ffe00000, 0x0000000100000000)
  eden space 122880K, 100% used [0x00000000f5500000,0x00000000fcd00000,0x00000000fcd00000)
  from space 25088K, 67% used [0x00000000fcd00000,0x00000000fdd97708,0x00000000fe580000)
  to   space 24064K, 0% used [0x00000000fe680000,0x00000000fe680000,0x00000000ffe00000)
 ParOldGen       total 105472K, used 73605K [0x00000000e0000000, 0x00000000e6700000, 0x00000000f5500000)
  object space 105472K, 69% used [0x00000000e0000000,0x00000000e47e16a0,0x00000000e6700000)
 PSPermGen       total 125440K, used 96317K [0x00000000d0000000, 0x00000000d7a80000, 0x00000000e0000000)
  object space 125440K, 76% used [0x00000000d0000000,0x00000000d5e0f560,0x00000000d7a80000)
Event: 4987.800 GC heap after
Heap after GC invocations=81 (full 3):
 PSYoungGen      total 147968K, used 19087K [0x00000000f5500000, 0x00000000ffd80000, 0x0000000100000000)
  eden space 124416K, 0% used [0x00000000f5500000,0x00000000f5500000,0x00000000fce80000)
  from space 23552K, 81% used [0x00000000fe680000,0x00000000ff923cb0,0x00000000ffd80000)
  to   space 24064K, 0% used [0x00000000fce80000,0x00000000fce80000,0x00000000fe600000)
 ParOldGen       total 105472K, used 73729K [0x00000000e0000000, 0x00000000e6700000, 0x00000000f5500000)
  object space 105472K, 69% used [0x00000000e0000000,0x00000000e48007d0,0x00000000e6700000)
 PSPermGen       total 125440K, used 96317K [0x00000000d0000000, 0x00000000d7a80000, 0x00000000e0000000)
  object space 125440K, 76% used [0x00000000d0000000,0x00000000d5e0f560,0x00000000d7a80000)
}
Event: 5232.375 GC heap before
{Heap before GC invocations=82 (full 3):
 PSYoungGen      total 147968K, used 143503K [0x00000000f5500000, 0x00000000ffd80000, 0x0000000100000000)
  eden space 124416K, 100% used [0x00000000f5500000,0x00000000fce80000,0x00000000fce80000)
  from space 23552K, 81% used [0x00000000fe680000,0x00000000ff923cb0,0x00000000ffd80000)
  to   space 24064K, 0% used [0x00000000fce80000,0x00000000fce80000,0x00000000fe600000)
 ParOldGen       total 105472K, used 73729K [0x00000000e0000000, 0x00000000e6700000, 0x00000000f5500000)
  object space 105472K, 69% used [0x00000000e0000000,0x00000000e48007d0,0x00000000e6700000)
 PSPermGen       total 125440K, used 96478K [0x00000000d0000000, 0x00000000d7a80000, 0x00000000e0000000)
  object space 125440K, 76% used [0x00000000d0000000,0x00000000d5e37bc8,0x00000000d7a80000)
Event: 5232.392 GC heap after
Heap after GC invocations=82 (full 3):
 PSYoungGen      total 148480K, used 17334K [0x00000000f5500000, 0x00000000ffd80000, 0x0000000100000000)
  eden space 124416K, 0% used [0x00000000f5500000,0x00000000f5500000,0x00000000fce80000)
  from space 24064K, 72% used [0x00000000fce80000,0x00000000fdf6db40,0x00000000fe600000)
  to   space 23552K, 0% used [0x00000000fe680000,0x00000000fe680000,0x00000000ffd80000)
 ParOldGen       total 105472K, used 73986K [0x00000000e0000000, 0x00000000e6700000, 0x00000000f5500000)
  object space 105472K, 70% used [0x00000000e0000000,0x00000000e4840ad0,0x00000000e6700000)
 PSPermGen       total 125440K, used 96478K [0x00000000d0000000, 0x00000000d7a80000, 0x00000000e0000000)
  object space 125440K, 76% used [0x00000000d0000000,0x00000000d5e37bc8,0x00000000d7a80000)
}

